        -:    0:Source:cov.cpp
        -:    0:Graph:cov.gcno
        -:    0:Data:-
        -:    0:Runs:0
        -:    0:Programs:0
        -:    1:#include <stdio.h>
        -:    2:
    #####:    3:int main ()
        -:    4:{
        -:    5:  int i;
        -:    6:
    #####:    7:  for (i = 1; i < 10; i++)
        -:    8:    {
    #####:    9:      if (i % 3 == 0)
    #####:   10:        printf ("%d is divisible by 3\n", i);
    #####:   11:      if (i % 11 == 0)
    #####:   12:        printf ("%d is divisible by 11\n", i);
        -:   13:    }
        -:   14:
    #####:   15:  return 0;
        -:   16:}
