TN:
SF:/home/csmajs/athan014/lab-06---code-coverage-athan014-kchau047-3/src/Triangle.cpp
FN:9,_ZN6shapes8TriangleC2Eiii
FNDA:7,_ZN6shapes8TriangleC2Eiii
FN:19,_ZNK6shapes8Triangle12getPerimeterEv
FNDA:4,_ZNK6shapes8Triangle12getPerimeterEv
FN:25,_ZNK6shapes8Triangle7getAreaEv
FNDA:2,_ZNK6shapes8Triangle7getAreaEv
FN:37,_ZNK6shapes8Triangle11isIsoscelesEv
FNDA:2,_ZNK6shapes8Triangle11isIsoscelesEv
FN:43,_ZNK6shapes8Triangle13isEquilateralEv
FNDA:0,_ZNK6shapes8Triangle13isEquilateralEv
FN:49,_ZNK6shapes8Triangle7getKindEv
FNDA:2,_ZNK6shapes8Triangle7getKindEv
DA:9,7
DA:12,7
DA:13,7
DA:14,7
DA:15,7
DA:19,4
DA:20,4
DA:25,2
DA:27,2
DA:28,2
DA:29,2
DA:30,2
DA:31,2
DA:32,2
DA:37,2
DA:38,2
DA:43,0
DA:44,0
DA:49,2
DA:50,2
DA:51,2
DA:52,0
DA:53,0
DA:55,0
end_of_record
TN:
SF:/home/csmajs/athan014/lab-06---code-coverage-athan014-kchau047-3/src/Hailstone.cpp
FN:9,_ZN8sequence18satisfiesHailstoneEm
FNDA:4,_ZN8sequence18satisfiesHailstoneEm
DA:9,4
DA:10,4
DA:11,1
DA:15,37
DA:16,3
DA:17,34
DA:18,24
DA:20,10
end_of_record
TN:
SF:/home/csmajs/athan014/lab-06---code-coverage-athan014-kchau047-3/src/testsubject.cpp
FN:3,_ZN11TestSubject6isEvenEi
FNDA:2,_ZN11TestSubject6isEvenEi
FN:7,_ZN11TestSubject6squareEi
FNDA:2,_ZN11TestSubject6squareEi
DA:3,2
DA:4,2
DA:7,2
DA:8,2
DA:9,1
DA:12,1
end_of_record
