TN:
SF:/home/csmajs/athan014/lab-06---code-coverage-athan014-kchau047-3/src/Triangle.cpp
FN:9,_ZN6shapes8TriangleC2Eiii
FNDA:16,_ZN6shapes8TriangleC2Eiii
FN:19,_ZNK6shapes8Triangle12getPerimeterEv
FNDA:6,_ZNK6shapes8Triangle12getPerimeterEv
FN:25,_ZNK6shapes8Triangle7getAreaEv
FNDA:3,_ZNK6shapes8Triangle7getAreaEv
FN:37,_ZNK6shapes8Triangle11isIsoscelesEv
FNDA:6,_ZNK6shapes8Triangle11isIsoscelesEv
FN:47,_ZNK6shapes8Triangle13isEquilateralEv
FNDA:5,_ZNK6shapes8Triangle13isEquilateralEv
FN:53,_ZNK6shapes8Triangle7getKindEv
FNDA:3,_ZNK6shapes8Triangle7getKindEv
DA:9,16
DA:12,16
DA:13,16
DA:14,16
DA:15,16
DA:19,6
DA:20,6
DA:25,3
DA:27,3
DA:28,3
DA:29,3
DA:30,3
DA:31,3
DA:32,3
DA:37,6
DA:38,6
DA:40,2
DA:42,4
DA:47,5
DA:48,5
DA:53,3
DA:54,3
DA:55,1
DA:56,2
DA:57,1
DA:59,1
end_of_record
TN:
SF:/home/csmajs/athan014/lab-06---code-coverage-athan014-kchau047-3/src/Hailstone.cpp
FN:9,_ZN8sequence18satisfiesHailstoneEm
FNDA:4,_ZN8sequence18satisfiesHailstoneEm
DA:9,4
DA:10,4
DA:11,1
DA:15,37
DA:16,3
DA:17,34
DA:18,24
DA:20,10
end_of_record
TN:
SF:/home/csmajs/athan014/lab-06---code-coverage-athan014-kchau047-3/src/testsubject.cpp
FN:3,_ZN11TestSubject6isEvenEi
FNDA:6,_ZN11TestSubject6isEvenEi
FN:7,_ZN11TestSubject6squareEi
FNDA:3,_ZN11TestSubject6squareEi
DA:3,6
DA:4,6
DA:7,3
DA:8,3
DA:9,2
DA:12,1
end_of_record
